TN:
SF:src/components/ui/button.jsx
FNF:0
FNH:0
DA:1,1
DA:2,1
DA:3,1
DA:4,1
DA:5,1
DA:6,1
DA:7,1
DA:8,1
DA:9,1
DA:10,1
DA:11,1
DA:12,1
DA:13,1
DA:14,1
DA:15,1
DA:16,1
DA:17,1
DA:18,1
DA:19,1
DA:20,1
DA:21,1
DA:22,1
DA:23,1
DA:24,1
DA:25,1
DA:26,1
DA:27,1
DA:28,1
DA:29,1
DA:30,1
DA:31,1
DA:32,1
DA:33,3
DA:34,3
DA:35,3
DA:36,1
DA:37,1
DA:38,1
LF:38
LH:38
BRDA:32,0,0,3
BRDA:32,1,0,0
BRDA:33,2,0,0
BRF:3
BRH:1
end_of_record
TN:
SF:src/lib/utils.jsx
FN:4,cn
FNF:1
FNH:1
FNDA:3,cn
DA:1,1
DA:2,1
DA:3,1
DA:4,1
DA:5,3
DA:6,3
LF:6
LH:6
BRDA:4,0,0,3
BRF:1
BRH:1
end_of_record
